c:\users\mars_\onedrive\workspace\cplusplus\designpattern\abstractfactorypattern\debug\vc140.pdb
c:\users\mars_\onedrive\workspace\cplusplus\designpattern\abstractfactorypattern\debug\vc140.idb
c:\users\mars_\onedrive\workspace\cplusplus\designpattern\abstractfactorypattern\debug\abstractfactory.obj
c:\users\mars_\onedrive\workspace\cplusplus\designpattern\abstractfactorypattern\debug\blue.obj
c:\users\mars_\onedrive\workspace\cplusplus\designpattern\abstractfactorypattern\debug\color.obj
c:\users\mars_\onedrive\workspace\cplusplus\designpattern\abstractfactorypattern\debug\colorfactory.obj
c:\users\mars_\onedrive\workspace\cplusplus\designpattern\abstractfactorypattern\debug\demo.obj
c:\users\mars_\onedrive\workspace\cplusplus\designpattern\abstractfactorypattern\debug\green.obj
c:\users\mars_\onedrive\workspace\cplusplus\designpattern\abstractfactorypattern\debug\red.obj
c:\users\mars_\onedrive\workspace\cplusplus\designpattern\abstractfactorypattern\debug\factoryproducer.obj
c:\users\mars_\onedrive\workspace\cplusplus\designpattern\abstractfactorypattern\debug\shapefactory2.obj
c:\users\mars_\onedrive\workspace\cplusplus\designpattern\debug\abstractfactorypattern.ilk
c:\users\mars_\onedrive\workspace\cplusplus\designpattern\debug\abstractfactorypattern.exe
c:\users\mars_\onedrive\workspace\cplusplus\designpattern\debug\abstractfactorypattern.pdb
c:\users\mars_\onedrive\workspace\cplusplus\designpattern\abstractfactorypattern\debug\abstractfactorypattern.vcxprojresolveassemblyreference.cache
c:\users\mars_\onedrive\workspace\cplusplus\designpattern\abstractfactorypattern\debug\abstract.d288809e.tlog\cl.command.1.tlog
c:\users\mars_\onedrive\workspace\cplusplus\designpattern\abstractfactorypattern\debug\abstract.d288809e.tlog\cl.read.1.tlog
c:\users\mars_\onedrive\workspace\cplusplus\designpattern\abstractfactorypattern\debug\abstract.d288809e.tlog\cl.write.1.tlog
c:\users\mars_\onedrive\workspace\cplusplus\designpattern\abstractfactorypattern\debug\abstract.d288809e.tlog\link.command.1.tlog
c:\users\mars_\onedrive\workspace\cplusplus\designpattern\abstractfactorypattern\debug\abstract.d288809e.tlog\link.read.1.tlog
c:\users\mars_\onedrive\workspace\cplusplus\designpattern\abstractfactorypattern\debug\abstract.d288809e.tlog\link.write.1.tlog
